{
  "RSpec": {
    "coverage": {
      "/Users/Guest/Desktop/stackoverflow-device/spec/models/question_spec.rb": [
        1,
        null,
        0,
        0,
        0,
        0,
        null,
        0,
        0,
        0,
        null,
        null
      ],
      "/Users/Guest/Desktop/stackoverflow-device/spec/rails_helper.rb": [
        null,
        1,
        0,
        0,
        null,
        0,
        0,
        null,
        null,
        null,
        null,
        null,
        null,
        null,
        null,
        null,
        null,
        null,
        null,
        null,
        null,
        null,
        null,
        null,
        null,
        null,
        null,
        0,
        0,
        null,
        0,
        0,
        null,
        0,
        null,
        null,
        0,
        null,
        null,
        null,
        null,
        0,
        null,
        null,
        null,
        null,
        null,
        null,
        null,
        null,
        null,
        null,
        null,
        null,
        null,
        null,
        0,
        null,
        null,
        0,
        null,
        null,
        null,
        0,
        0,
        0,
        0,
        null,
        null,
        null,
        0,
        0,
        null
      ],
      "/Users/Guest/Desktop/stackoverflow-device/spec/spec_helper.rb": [
        1,
        null,
        1,
        null,
        1,
        null,
        1,
        0,
        0,
        null,
        0,
        0,
        null,
        null,
        null,
        null,
        0,
        0,
        null,
        null,
        0,
        0,
        null,
        null
      ],
      "/Users/Guest/Desktop/stackoverflow-device/spec/models/user_spec.rb": [
        1,
        null,
        null,
        0,
        null,
        null,
        null,
        0,
        0,
        null,
        null,
        null,
        null,
        null,
        null,
        null,
        null
      ]
    },
    "timestamp": 1536698017
  }
}
